<?xml version="1.0" encoding="UTF-8"?>
<!-- Generated by org.testng.reporters.JUnitXMLReporter -->
<testsuite hostname="DESKTOP-6UVCCOR" ignored="0" name="Basic Functionality Test Used.ca for Android" tests="16" failures="1" timestamp="15 Feb 2019 00:18:07 GMT" time="15.205" errors="0">
  <testcase name="TC001" time="1.222" classname="freshWorks.Basic_Func_Test"/>
  <testcase name="TC002" time="0.34" classname="freshWorks.Basic_Func_Test"/>
  <testcase name="TC003" time="0.237" classname="freshWorks.Basic_Func_Test"/>
  <testcase name="TC004" time="0.5" classname="freshWorks.Basic_Func_Test"/>
  <testcase name="TC005" time="0.282" classname="freshWorks.Basic_Func_Test"/>
  <testcase name="TC006" time="0.22" classname="freshWorks.Basic_Func_Test"/>
  <testcase name="TC007" time="0.619" classname="freshWorks.Basic_Func_Test"/>
  <testcase name="TC008" time="0.175" classname="freshWorks.Basic_Func_Test"/>
  <testcase name="TC009" time="3.76" classname="freshWorks.Basic_Func_Test"/>
  <testcase name="TC010" time="0.169" classname="freshWorks.Basic_Func_Test"/>
  <testcase name="TC011" time="0.657" classname="freshWorks.Basic_Func_Test"/>
  <testcase name="TC012" time="1.469" classname="freshWorks.Basic_Func_Test"/>
  <testcase name="TC013" time="2.463" classname="freshWorks.Basic_Func_Test"/>
  <testcase name="TC014" time="1.805" classname="freshWorks.Basic_Func_Test"/>
  <testcase name="TC015" time="1.063" classname="freshWorks.Basic_Func_Test">
    <failure type="java.lang.AssertionError" message="expected [snowboarding] but found [snowboards]">
      <![CDATA[java.lang.AssertionError: expected [snowboarding] but found [snowboards]
at freshWorks.Basic_Func_Test.TC015(Basic_Func_Test.java:180)
... Removed 31 stack frames]]>
    </failure>
  </testcase> <!-- TC015 -->
  <testcase name="TC016" time="0.155" classname="freshWorks.Basic_Func_Test"/>
</testsuite> <!-- Basic Functionality Test Used.ca for Android -->
